# JRE version: OpenJDK Runtime Environment (12.0.2+10) (build 12.0.2-BellSoft+10)
# Java VM: OpenJDK 64-Bit Server VM (12.0.2-BellSoft+10, mixed mode, sharing, tiered, compressed oops, g1 gc, windows-amd64)
Heap:
 garbage-first heap   total 188416K, used 115457K [0x0000000700e00000, 0x0000000800000000)
  region size 1024K, 8 young (8192K), 1 survivors (1024K)
 Metaspace       used 50066K, capacity 51385K, committed 51584K, reserved 1093632K
  class space    used 6737K, capacity 7235K, committed 7296K, reserved 1048576K
GC Heap History (10 events):
Event: 14.843 GC heap before
{Heap before GC invocations=29 (full 0):
 garbage-first heap   total 138240K, used 102316K [0x0000000700e00000, 0x0000000800000000)
  region size 1024K, 27 young (27648K), 4 survivors (4096K)
 Metaspace       used 46624K, capacity 47736K, committed 47872K, reserved 1089536K
  class space    used 6341K, capacity 6787K, committed 6912K, reserved 1048576K
}
Event: 14.846 GC heap after
{Heap after GC invocations=30 (full 0):
 garbage-first heap   total 138240K, used 83163K [0x0000000700e00000, 0x0000000800000000)
  region size 1024K, 4 young (4096K), 4 survivors (4096K)
 Metaspace       used 46624K, capacity 47736K, committed 47872K, reserved 1089536K
  class space    used 6341K, capacity 6787K, committed 6912K, reserved 1048576K
}
Event: 15.013 GC heap before
{Heap before GC invocations=30 (full 0):
 garbage-first heap   total 138240K, used 99547K [0x0000000700e00000, 0x0000000800000000)
  region size 1024K, 22 young (22528K), 4 survivors (4096K)
 Metaspace       used 47177K, capacity 48399K, committed 48640K, reserved 1091584K
  class space    used 6403K, capacity 6880K, committed 6912K, reserved 1048576K
}
Event: 15.016 GC heap after
{Heap after GC invocations=31 (full 0):
 garbage-first heap   total 138240K, used 87926K [0x0000000700e00000, 0x0000000800000000)
  region size 1024K, 4 young (4096K), 4 survivors (4096K)
 Metaspace       used 47177K, capacity 48399K, committed 48640K, reserved 1091584K
  class space    used 6403K, capacity 6880K, committed 6912K, reserved 1048576K
}
Event: 15.072 GC heap before
{Heap before GC invocations=32 (full 0):
 garbage-first heap   total 188416K, used 127862K [0x0000000700e00000, 0x0000000800000000)
  region size 1024K, 23 young (23552K), 4 survivors (4096K)
 Metaspace       used 47177K, capacity 48399K, committed 48640K, reserved 1091584K
  class space    used 6403K, capacity 6880K, committed 6912K, reserved 1048576K
}
Event: 15.073 GC heap after
{Heap after GC invocations=33 (full 0):
 garbage-first heap   total 188416K, used 109935K [0x0000000700e00000, 0x0000000800000000)
  region size 1024K, 1 young (1024K), 1 survivors (1024K)
 Metaspace       used 47177K, capacity 48399K, committed 48640K, reserved 1091584K
  class space    used 6403K, capacity 6880K, committed 6912K, reserved 1048576K
}
Event: 235.181 GC heap before
{Heap before GC invocations=33 (full 0):
 garbage-first heap   total 188416K, used 137583K [0x0000000700e00000, 0x0000000800000000)
  region size 1024K, 28 young (28672K), 1 survivors (1024K)
 Metaspace       used 47989K, capacity 49269K, committed 49536K, reserved 1091584K
  class space    used 6481K, capacity 6978K, committed 7040K, reserved 1048576K
}
Event: 235.183 GC heap after
{Heap after GC invocations=34 (full 0):
 garbage-first heap   total 188416K, used 110357K [0x0000000700e00000, 0x0000000800000000)
  region size 1024K, 1 young (1024K), 1 survivors (1024K)
 Metaspace       used 47989K, capacity 49269K, committed 49536K, reserved 1091584K
  class space    used 6481K, capacity 6978K, committed 7040K, reserved 1048576K
}
Event: 519.364 GC heap before
{Heap before GC invocations=35 (full 0):
 garbage-first heap   total 188416K, used 139029K [0x0000000700e00000, 0x0000000800000000)
  region size 1024K, 30 young (30720K), 1 survivors (1024K)
 Metaspace       used 48036K, capacity 49333K, committed 49536K, reserved 1091584K
  class space    used 6483K, capacity 6978K, committed 7040K, reserved 1048576K
}
Event: 519.364 GC heap after
{Heap after GC invocations=36 (full 0):
 garbage-first heap   total 188416K, used 109313K [0x0000000700e00000, 0x0000000800000000)
  region size 1024K, 1 young (1024K), 1 survivors (1024K)
 Metaspace       used 48036K, capacity 49333K, committed 49536K, reserved 1091584K
  class space    used 6483K, capacity 6978K, committed 7040K, reserved 1048576K
}

